[EVENT] TDT(542,python):2024-05-07-12:37:53.143.425 [log.cpp:42][ProcessModeManager] enter into open process deviceId[0] rankSize[0],[process_mode_manager.cpp:57:Open]542
[EVENT] TDT(542,python):2024-05-07-12:37:53.144.055 [log.cpp:42][TsdClient] deviceId[0] begin to init hdc client,[process_mode_manager.cpp:297:InitTsdClient]542
[EVENT] TDT(542,python):2024-05-07-12:37:53.144.248 [log.cpp:42]VersionVerify: send client version to server,[version_verify.cpp:34:SetVersionInfo]542
[EVENT] TDT(542,python):2024-05-07-12:37:53.144.279 [log.cpp:42]send feature_info:{msg_type:35, features:{check before send aicpu package,}},[version_verify.cpp:45:SetVersionInfo]542
[EVENT] TDT(542,python):2024-05-07-12:37:53.144.297 [log.cpp:42]send feature_info:{msg_type:37, features:{check before send open qs message,}},[version_verify.cpp:45:SetVersionInfo]542
[EVENT] TDT(542,python):2024-05-07-12:37:53.144.732 [log.cpp:42]VersionVerify: Check client version info, server[1230], client[1230],[version_verify.cpp:61:PeerVersionCheck]542
[EVENT] TDT(542,python):2024-05-07-12:37:53.144.744 [log.cpp:42]VersionVerify: pass client version info success,[version_verify.cpp:82:ParseVersionInfo]542
[EVENT] TDT(542,python):2024-05-07-12:37:53.144.751 [log.cpp:42]Service[2] create hdc success,[hdc_client.cpp:255:CheckHdcConnection]542
[EVENT] TDT(542,python):2024-05-07-12:37:53.144.762 [log.cpp:42]VersionVerify: new type[35], supported,[version_verify.cpp:115:SpecialFeatureCheck]542
[EVENT] TDT(542,python):2024-05-07-12:37:53.144.777 [log.cpp:42][TsdClient][deviceId=0] [sessionId=1]wait package info respond,[process_mode_manager.cpp:543:GetDeviceCheckCode]542
[EVENT] TDT(542,python):2024-05-07-12:37:53.145.559 [log.cpp:42][TsdClient] deviceId[0] begin to init hdc client,[process_mode_manager.cpp:297:InitTsdClient]542
[EVENT] TDT(542,python):2024-05-07-12:37:53.145.652 [log.cpp:42]VersionVerify: send client version to server,[version_verify.cpp:34:SetVersionInfo]542
[EVENT] TDT(542,python):2024-05-07-12:37:53.145.662 [log.cpp:42]send feature_info:{msg_type:35, features:{check before send aicpu package,}},[version_verify.cpp:45:SetVersionInfo]542
[EVENT] TDT(542,python):2024-05-07-12:37:53.145.670 [log.cpp:42]send feature_info:{msg_type:37, features:{check before send open qs message,}},[version_verify.cpp:45:SetVersionInfo]542
[EVENT] TDT(542,python):2024-05-07-12:37:53.145.867 [log.cpp:42]VersionVerify: Check client version info, server[1230], client[1230],[version_verify.cpp:61:PeerVersionCheck]542
[EVENT] TDT(542,python):2024-05-07-12:37:53.145.876 [log.cpp:42]VersionVerify: pass client version info success,[version_verify.cpp:82:ParseVersionInfo]542
[EVENT] TDT(542,python):2024-05-07-12:37:53.145.882 [log.cpp:42]Service[2] create hdc success,[hdc_client.cpp:255:CheckHdcConnection]542
[EVENT] TDT(542,python):2024-05-07-12:37:53.145.893 [log.cpp:42][TsdClient] tsd get process sign successfully, procpid[4090940] signSize[48],[process_mode_manager.cpp:337:SendOpenMsg]542
[EVENT] TDT(542,python):2024-05-07-12:37:53.145.899 [log.cpp:42]VersionVerify: previous type[6], supported,[version_verify.cpp:107:SpecialFeatureCheck]542
[EVENT] TDT(542,python):2024-05-07-12:37:53.145.914 [log.cpp:42][ProcessModeManager] deviceId[0] sessionId[1] rankSize[0], wait sub process start respond,[process_mode_manager.cpp:79:Open]542
[EVENT] TDT(542,python):2024-05-07-12:37:53.497.171 [log.cpp:42][TsdClient][deviceId=0] [sessionId=1] start hccp and computer process success,[process_mode_manager.cpp:89:Open]542
[EVENT] TDT(542,python):2024-05-07-12:37:53.497.184 [log.cpp:42][TsdClient] it is unneccessary of current mode[0] chiptype[2] to grant queue auth to aicpusd,[process_mode_manager.cpp:94:Open]542
[EVENT] TDT(542,python):2024-05-07-12:37:53.519.478 [log.cpp:147]TdtHost[0] init begin,[tdt_host.cpp:163:Init]542
[EVENT] TDT(542,python):2024-05-07-12:37:53.521.814 [log.cpp:147]TdtHost[0] init successfully.,[tdt_host.cpp:220:Init]542
[EVENT] TDT(542,python):2024-05-07-12:37:54.522.138 [log.cpp:147]"HostSendPool: {blockSize: 3072K, totalNum: 4, freeNum: 4}" "HostRecvPool: {blockSize: 3072K, totalNum: 1, freeNum: 1}" "DeviceRecvPool: " "HostCtrlPool: {SendPool: 4, FreePool: 4}, {RecvPool: 1, FreePool: 1}",[memory_pool.cpp:682:GetHostPoolStatus]647
[EVENT] TDT(542,python):2024-05-07-12:37:55.522.307 [log.cpp:147]"HostSendPool: {blockSize: 3072K, totalNum: 4, freeNum: 4}" "HostRecvPool: {blockSize: 3072K, totalNum: 1, freeNum: 1}" "DeviceRecvPool: " "HostCtrlPool: {SendPool: 4, FreePool: 4}, {RecvPool: 1, FreePool: 1}",[memory_pool.cpp:682:GetHostPoolStatus]647
[EVENT] TDT(542,python):2024-05-07-12:37:56.522.686 [log.cpp:147]"HostSendPool: {blockSize: 3072K, totalNum: 4, freeNum: 4}" "HostRecvPool: {blockSize: 3072K, totalNum: 1, freeNum: 1}" "DeviceRecvPool: " "HostCtrlPool: {SendPool: 4, FreePool: 4}, {RecvPool: 1, FreePool: 1}",[memory_pool.cpp:682:GetHostPoolStatus]647
[EVENT] TDT(542,python):2024-05-07-12:37:57.522.965 [log.cpp:147]"HostSendPool: {blockSize: 3072K, totalNum: 4, freeNum: 4}" "HostRecvPool: {blockSize: 3072K, totalNum: 1, freeNum: 1}" "DeviceRecvPool: " "HostCtrlPool: {SendPool: 4, FreePool: 4}, {RecvPool: 1, FreePool: 1}",[memory_pool.cpp:682:GetHostPoolStatus]647
[EVENT] TDT(542,python):2024-05-07-12:37:58.523.132 [log.cpp:147]"HostSendPool: {blockSize: 3072K, totalNum: 4, freeNum: 4}" "HostRecvPool: {blockSize: 3072K, totalNum: 1, freeNum: 1}" "DeviceRecvPool: " "HostCtrlPool: {SendPool: 4, FreePool: 4}, {RecvPool: 1, FreePool: 1}",[memory_pool.cpp:682:GetHostPoolStatus]647
[EVENT] TDT(542,python):2024-05-07-12:37:59.523.255 [log.cpp:147]"HostSendPool: {blockSize: 3072K, totalNum: 4, freeNum: 4}" "HostRecvPool: {blockSize: 3072K, totalNum: 1, freeNum: 1}" "DeviceRecvPool: " "HostCtrlPool: {SendPool: 4, FreePool: 4}, {RecvPool: 1, FreePool: 1}",[memory_pool.cpp:682:GetHostPoolStatus]647
[EVENT] TDT(542,python):2024-05-07-12:38:00.523.404 [log.cpp:147]"HostSendPool: {blockSize: 3072K, totalNum: 4, freeNum: 4}" "HostRecvPool: {blockSize: 3072K, totalNum: 1, freeNum: 1}" "DeviceRecvPool: " "HostCtrlPool: {SendPool: 4, FreePool: 4}, {RecvPool: 1, FreePool: 1}",[memory_pool.cpp:682:GetHostPoolStatus]647
[EVENT] TDT(542,python):2024-05-07-12:38:01.523.566 [log.cpp:147]"HostSendPool: {blockSize: 3072K, totalNum: 4, freeNum: 4}" "HostRecvPool: {blockSize: 3072K, totalNum: 1, freeNum: 1}" "DeviceRecvPool: " "HostCtrlPool: {SendPool: 4, FreePool: 4}, {RecvPool: 1, FreePool: 1}",[memory_pool.cpp:682:GetHostPoolStatus]647
[EVENT] TDT(542,python):2024-05-07-12:38:02.523.730 [log.cpp:147]"HostSendPool: {blockSize: 3072K, totalNum: 4, freeNum: 4}" "HostRecvPool: {blockSize: 3072K, totalNum: 1, freeNum: 1}" "DeviceRecvPool: " "HostCtrlPool: {SendPool: 4, FreePool: 4}, {RecvPool: 1, FreePool: 1}",[memory_pool.cpp:682:GetHostPoolStatus]647
[EVENT] TDT(542,python):2024-05-07-12:38:03.530.696 [log.cpp:147]"HostSendPool: {blockSize: 3072K, totalNum: 4, freeNum: 4}" "HostRecvPool: {blockSize: 3072K, totalNum: 1, freeNum: 1}" "DeviceRecvPool: " "HostCtrlPool: {SendPool: 4, FreePool: 4}, {RecvPool: 1, FreePool: 1}",[memory_pool.cpp:682:GetHostPoolStatus]647
[EVENT] TDT(542,python):2024-05-07-12:38:04.530.854 [log.cpp:147]"HostSendPool: {blockSize: 3072K, totalNum: 4, freeNum: 4}" "HostRecvPool: {blockSize: 3072K, totalNum: 1, freeNum: 1}" "DeviceRecvPool: " "HostCtrlPool: {SendPool: 4, FreePool: 4}, {RecvPool: 1, FreePool: 1}",[memory_pool.cpp:682:GetHostPoolStatus]647
[EVENT] TDT(542,python):2024-05-07-12:38:05.531.044 [log.cpp:147]"HostSendPool: {blockSize: 3072K, totalNum: 4, freeNum: 4}" "HostRecvPool: {blockSize: 3072K, totalNum: 1, freeNum: 1}" "DeviceRecvPool: " "HostCtrlPool: {SendPool: 4, FreePool: 4}, {RecvPool: 1, FreePool: 1}",[memory_pool.cpp:682:GetHostPoolStatus]647
[EVENT] TDT(542,python):2024-05-07-12:38:06.531.252 [log.cpp:147]"HostSendPool: {blockSize: 3072K, totalNum: 4, freeNum: 4}" "HostRecvPool: {blockSize: 3072K, totalNum: 1, freeNum: 1}" "DeviceRecvPool: " "HostCtrlPool: {SendPool: 4, FreePool: 4}, {RecvPool: 1, FreePool: 1}",[memory_pool.cpp:682:GetHostPoolStatus]647
[EVENT] TDT(542,python):2024-05-07-12:38:07.531.412 [log.cpp:147]"HostSendPool: {blockSize: 3072K, totalNum: 4, freeNum: 4}" "HostRecvPool: {blockSize: 3072K, totalNum: 1, freeNum: 1}" "DeviceRecvPool: " "HostCtrlPool: {SendPool: 4, FreePool: 4}, {RecvPool: 1, FreePool: 1}",[memory_pool.cpp:682:GetHostPoolStatus]647
[EVENT] TDT(542,python):2024-05-07-12:38:08.531.573 [log.cpp:147]"HostSendPool: {blockSize: 3072K, totalNum: 4, freeNum: 4}" "HostRecvPool: {blockSize: 3072K, totalNum: 1, freeNum: 1}" "DeviceRecvPool: " "HostCtrlPool: {SendPool: 4, FreePool: 4}, {RecvPool: 1, FreePool: 1}",[memory_pool.cpp:682:GetHostPoolStatus]647
[EVENT] TDT(542,python):2024-05-07-12:38:09.531.699 [log.cpp:147]"HostSendPool: {blockSize: 3072K, totalNum: 4, freeNum: 4}" "HostRecvPool: {blockSize: 3072K, totalNum: 1, freeNum: 1}" "DeviceRecvPool: " "HostCtrlPool: {SendPool: 4, FreePool: 4}, {RecvPool: 1, FreePool: 1}",[memory_pool.cpp:682:GetHostPoolStatus]647
[EVENT] TDT(542,python):2024-05-07-12:38:10.531.830 [log.cpp:147]"HostSendPool: {blockSize: 3072K, totalNum: 4, freeNum: 4}" "HostRecvPool: {blockSize: 3072K, totalNum: 1, freeNum: 1}" "DeviceRecvPool: " "HostCtrlPool: {SendPool: 4, FreePool: 4}, {RecvPool: 1, FreePool: 1}",[memory_pool.cpp:682:GetHostPoolStatus]647
[EVENT] TDT(542,python):2024-05-07-12:38:11.531.954 [log.cpp:147]"HostSendPool: {blockSize: 3072K, totalNum: 4, freeNum: 4}" "HostRecvPool: {blockSize: 3072K, totalNum: 1, freeNum: 1}" "DeviceRecvPool: " "HostCtrlPool: {SendPool: 4, FreePool: 4}, {RecvPool: 1, FreePool: 1}",[memory_pool.cpp:682:GetHostPoolStatus]647
[EVENT] TDT(542,python):2024-05-07-12:38:12.532.124 [log.cpp:147]"HostSendPool: {blockSize: 3072K, totalNum: 4, freeNum: 4}" "HostRecvPool: {blockSize: 3072K, totalNum: 1, freeNum: 1}" "DeviceRecvPool: " "HostCtrlPool: {SendPool: 4, FreePool: 4}, {RecvPool: 1, FreePool: 1}",[memory_pool.cpp:682:GetHostPoolStatus]647
[EVENT] TDT(542,python):2024-05-07-12:38:13.532.319 [log.cpp:147]"HostSendPool: {blockSize: 3072K, totalNum: 4, freeNum: 4}" "HostRecvPool: {blockSize: 3072K, totalNum: 1, freeNum: 1}" "DeviceRecvPool: " "HostCtrlPool: {SendPool: 4, FreePool: 4}, {RecvPool: 1, FreePool: 1}",[memory_pool.cpp:682:GetHostPoolStatus]647
[EVENT] TDT(542,python):2024-05-07-12:38:14.532.480 [log.cpp:147]"HostSendPool: {blockSize: 3072K, totalNum: 4, freeNum: 4}" "HostRecvPool: {blockSize: 3072K, totalNum: 1, freeNum: 1}" "DeviceRecvPool: " "HostCtrlPool: {SendPool: 4, FreePool: 4}, {RecvPool: 1, FreePool: 1}",[memory_pool.cpp:682:GetHostPoolStatus]647
[EVENT] TDT(542,python):2024-05-07-12:38:15.532.640 [log.cpp:147]"HostSendPool: {blockSize: 3072K, totalNum: 4, freeNum: 4}" "HostRecvPool: {blockSize: 3072K, totalNum: 1, freeNum: 1}" "DeviceRecvPool: " "HostCtrlPool: {SendPool: 4, FreePool: 4}, {RecvPool: 1, FreePool: 1}",[memory_pool.cpp:682:GetHostPoolStatus]647
[EVENT] TDT(542,python):2024-05-07-12:38:16.830.478 [log.cpp:147]"HostSendPool: {blockSize: 3072K, totalNum: 4, freeNum: 4}" "HostRecvPool: {blockSize: 3072K, totalNum: 1, freeNum: 1}" "DeviceRecvPool: " "HostCtrlPool: {SendPool: 4, FreePool: 4}, {RecvPool: 1, FreePool: 1}",[memory_pool.cpp:682:GetHostPoolStatus]647
[EVENT] TDT(542,python):2024-05-07-12:38:17.830.656 [log.cpp:147]"HostSendPool: {blockSize: 3072K, totalNum: 4, freeNum: 4}" "HostRecvPool: {blockSize: 3072K, totalNum: 1, freeNum: 1}" "DeviceRecvPool: " "HostCtrlPool: {SendPool: 4, FreePool: 4}, {RecvPool: 1, FreePool: 1}",[memory_pool.cpp:682:GetHostPoolStatus]647
[EVENT] TDT(542,python):2024-05-07-12:38:18.830.823 [log.cpp:147]"HostSendPool: {blockSize: 3072K, totalNum: 4, freeNum: 4}" "HostRecvPool: {blockSize: 3072K, totalNum: 1, freeNum: 1}" "DeviceRecvPool: " "HostCtrlPool: {SendPool: 4, FreePool: 4}, {RecvPool: 1, FreePool: 1}",[memory_pool.cpp:682:GetHostPoolStatus]647
[EVENT] TDT(542,python):2024-05-07-12:38:19.831.003 [log.cpp:147]"HostSendPool: {blockSize: 3072K, totalNum: 4, freeNum: 4}" "HostRecvPool: {blockSize: 3072K, totalNum: 1, freeNum: 1}" "DeviceRecvPool: " "HostCtrlPool: {SendPool: 4, FreePool: 4}, {RecvPool: 1, FreePool: 1}",[memory_pool.cpp:682:GetHostPoolStatus]647
[EVENT] TDT(542,python):2024-05-07-12:38:20.831.194 [log.cpp:147]"HostSendPool: {blockSize: 3072K, totalNum: 4, freeNum: 4}" "HostRecvPool: {blockSize: 3072K, totalNum: 1, freeNum: 1}" "DeviceRecvPool: " "HostCtrlPool: {SendPool: 4, FreePool: 4}, {RecvPool: 1, FreePool: 1}",[memory_pool.cpp:682:GetHostPoolStatus]647
[EVENT] TDT(542,python):2024-05-07-12:38:21.831.361 [log.cpp:147]"HostSendPool: {blockSize: 3072K, totalNum: 4, freeNum: 4}" "HostRecvPool: {blockSize: 3072K, totalNum: 1, freeNum: 1}" "DeviceRecvPool: " "HostCtrlPool: {SendPool: 4, FreePool: 4}, {RecvPool: 1, FreePool: 1}",[memory_pool.cpp:682:GetHostPoolStatus]647
[EVENT] TDT(542,python):2024-05-07-12:38:22.831.618 [log.cpp:147]"HostSendPool: {blockSize: 3072K, totalNum: 4, freeNum: 4}" "HostRecvPool: {blockSize: 3072K, totalNum: 1, freeNum: 1}" "DeviceRecvPool: " "HostCtrlPool: {SendPool: 4, FreePool: 4}, {RecvPool: 1, FreePool: 1}",[memory_pool.cpp:682:GetHostPoolStatus]647
[EVENT] TDT(542,python):2024-05-07-12:38:23.831.856 [log.cpp:147]"HostSendPool: {blockSize: 3072K, totalNum: 4, freeNum: 4}" "HostRecvPool: {blockSize: 3072K, totalNum: 1, freeNum: 1}" "DeviceRecvPool: " "HostCtrlPool: {SendPool: 4, FreePool: 4}, {RecvPool: 1, FreePool: 1}",[memory_pool.cpp:682:GetHostPoolStatus]647
[EVENT] TDT(542,python):2024-05-07-12:38:24.832.064 [log.cpp:147]"HostSendPool: {blockSize: 3072K, totalNum: 4, freeNum: 4}" "HostRecvPool: {blockSize: 3072K, totalNum: 1, freeNum: 1}" "DeviceRecvPool: " "HostCtrlPool: {SendPool: 4, FreePool: 4}, {RecvPool: 1, FreePool: 1}",[memory_pool.cpp:682:GetHostPoolStatus]647
[EVENT] TDT(542,python):2024-05-07-12:38:25.832.270 [log.cpp:147]"HostSendPool: {blockSize: 3072K, totalNum: 4, freeNum: 4}" "HostRecvPool: {blockSize: 3072K, totalNum: 1, freeNum: 1}" "DeviceRecvPool: " "HostCtrlPool: {SendPool: 4, FreePool: 4}, {RecvPool: 1, FreePool: 1}",[memory_pool.cpp:682:GetHostPoolStatus]647
[EVENT] TDT(542,python):2024-05-07-12:38:26.832.440 [log.cpp:147]"HostSendPool: {blockSize: 3072K, totalNum: 4, freeNum: 4}" "HostRecvPool: {blockSize: 3072K, totalNum: 1, freeNum: 1}" "DeviceRecvPool: " "HostCtrlPool: {SendPool: 4, FreePool: 4}, {RecvPool: 1, FreePool: 1}",[memory_pool.cpp:682:GetHostPoolStatus]647
[EVENT] TDT(542,python):2024-05-07-12:38:27.832.582 [log.cpp:147]"HostSendPool: {blockSize: 3072K, totalNum: 4, freeNum: 4}" "HostRecvPool: {blockSize: 3072K, totalNum: 1, freeNum: 1}" "DeviceRecvPool: " "HostCtrlPool: {SendPool: 4, FreePool: 4}, {RecvPool: 1, FreePool: 1}",[memory_pool.cpp:682:GetHostPoolStatus]647
[EVENT] TDT(542,python):2024-05-07-12:38:28.832.688 [log.cpp:147]"HostSendPool: {blockSize: 3072K, totalNum: 4, freeNum: 4}" "HostRecvPool: {blockSize: 3072K, totalNum: 1, freeNum: 1}" "DeviceRecvPool: " "HostCtrlPool: {SendPool: 4, FreePool: 4}, {RecvPool: 1, FreePool: 1}",[memory_pool.cpp:682:GetHostPoolStatus]647
[EVENT] TDT(542,python):2024-05-07-12:38:29.832.787 [log.cpp:147]"HostSendPool: {blockSize: 3072K, totalNum: 4, freeNum: 4}" "HostRecvPool: {blockSize: 3072K, totalNum: 1, freeNum: 1}" "DeviceRecvPool: " "HostCtrlPool: {SendPool: 4, FreePool: 4}, {RecvPool: 1, FreePool: 1}",[memory_pool.cpp:682:GetHostPoolStatus]647
[EVENT] TDT(542,python):2024-05-07-12:38:30.832.937 [log.cpp:147]"HostSendPool: {blockSize: 3072K, totalNum: 4, freeNum: 4}" "HostRecvPool: {blockSize: 3072K, totalNum: 1, freeNum: 1}" "DeviceRecvPool: " "HostCtrlPool: {SendPool: 4, FreePool: 4}, {RecvPool: 1, FreePool: 1}",[memory_pool.cpp:682:GetHostPoolStatus]647
[EVENT] TDT(542,python):2024-05-07-12:38:31.833.093 [log.cpp:147]"HostSendPool: {blockSize: 3072K, totalNum: 4, freeNum: 4}" "HostRecvPool: {blockSize: 3072K, totalNum: 1, freeNum: 1}" "DeviceRecvPool: " "HostCtrlPool: {SendPool: 4, FreePool: 4}, {RecvPool: 1, FreePool: 1}",[memory_pool.cpp:682:GetHostPoolStatus]647
[EVENT] TDT(542,python):2024-05-07-12:38:32.833.233 [log.cpp:147]"HostSendPool: {blockSize: 3072K, totalNum: 4, freeNum: 4}" "HostRecvPool: {blockSize: 3072K, totalNum: 1, freeNum: 1}" "DeviceRecvPool: " "HostCtrlPool: {SendPool: 4, FreePool: 4}, {RecvPool: 1, FreePool: 1}",[memory_pool.cpp:682:GetHostPoolStatus]647
[EVENT] TDT(542,python):2024-05-07-12:38:33.833.352 [log.cpp:147]"HostSendPool: {blockSize: 3072K, totalNum: 4, freeNum: 4}" "HostRecvPool: {blockSize: 3072K, totalNum: 1, freeNum: 1}" "DeviceRecvPool: " "HostCtrlPool: {SendPool: 4, FreePool: 4}, {RecvPool: 1, FreePool: 1}",[memory_pool.cpp:682:GetHostPoolStatus]647
[EVENT] TDT(542,python):2024-05-07-12:38:34.833.512 [log.cpp:147]"HostSendPool: {blockSize: 3072K, totalNum: 4, freeNum: 4}" "HostRecvPool: {blockSize: 3072K, totalNum: 1, freeNum: 1}" "DeviceRecvPool: " "HostCtrlPool: {SendPool: 4, FreePool: 4}, {RecvPool: 1, FreePool: 1}",[memory_pool.cpp:682:GetHostPoolStatus]647
[EVENT] TDT(542,python):2024-05-07-12:38:35.833.671 [log.cpp:147]"HostSendPool: {blockSize: 3072K, totalNum: 4, freeNum: 4}" "HostRecvPool: {blockSize: 3072K, totalNum: 1, freeNum: 1}" "DeviceRecvPool: " "HostCtrlPool: {SendPool: 4, FreePool: 4}, {RecvPool: 1, FreePool: 1}",[memory_pool.cpp:682:GetHostPoolStatus]647
[EVENT] TDT(542,python):2024-05-07-12:38:36.833.826 [log.cpp:147]"HostSendPool: {blockSize: 3072K, totalNum: 4, freeNum: 4}" "HostRecvPool: {blockSize: 3072K, totalNum: 1, freeNum: 1}" "DeviceRecvPool: " "HostCtrlPool: {SendPool: 4, FreePool: 4}, {RecvPool: 1, FreePool: 1}",[memory_pool.cpp:682:GetHostPoolStatus]647
[EVENT] TDT(542,python):2024-05-07-12:38:37.833.987 [log.cpp:147]"HostSendPool: {blockSize: 3072K, totalNum: 4, freeNum: 4}" "HostRecvPool: {blockSize: 3072K, totalNum: 1, freeNum: 1}" "DeviceRecvPool: " "HostCtrlPool: {SendPool: 4, FreePool: 4}, {RecvPool: 1, FreePool: 1}",[memory_pool.cpp:682:GetHostPoolStatus]647
[EVENT] TDT(542,python):2024-05-07-12:38:38.834.173 [log.cpp:147]"HostSendPool: {blockSize: 3072K, totalNum: 4, freeNum: 4}" "HostRecvPool: {blockSize: 3072K, totalNum: 1, freeNum: 1}" "DeviceRecvPool: " "HostCtrlPool: {SendPool: 4, FreePool: 4}, {RecvPool: 1, FreePool: 1}",[memory_pool.cpp:682:GetHostPoolStatus]647
[EVENT] TDT(542,python):2024-05-07-12:38:39.834.317 [log.cpp:147]"HostSendPool: {blockSize: 3072K, totalNum: 4, freeNum: 4}" "HostRecvPool: {blockSize: 3072K, totalNum: 1, freeNum: 1}" "DeviceRecvPool: " "HostCtrlPool: {SendPool: 4, FreePool: 4}, {RecvPool: 1, FreePool: 1}",[memory_pool.cpp:682:GetHostPoolStatus]647
[EVENT] TDT(542,python):2024-05-07-12:38:40.834.467 [log.cpp:147]"HostSendPool: {blockSize: 3072K, totalNum: 4, freeNum: 4}" "HostRecvPool: {blockSize: 3072K, totalNum: 1, freeNum: 1}" "DeviceRecvPool: " "HostCtrlPool: {SendPool: 4, FreePool: 4}, {RecvPool: 1, FreePool: 1}",[memory_pool.cpp:682:GetHostPoolStatus]647
[EVENT] TDT(542,python):2024-05-07-12:38:41.834.632 [log.cpp:147]"HostSendPool: {blockSize: 3072K, totalNum: 4, freeNum: 4}" "HostRecvPool: {blockSize: 3072K, totalNum: 1, freeNum: 1}" "DeviceRecvPool: " "HostCtrlPool: {SendPool: 4, FreePool: 4}, {RecvPool: 1, FreePool: 1}",[memory_pool.cpp:682:GetHostPoolStatus]647
[EVENT] TDT(542,python):2024-05-07-12:38:42.834.804 [log.cpp:147]"HostSendPool: {blockSize: 3072K, totalNum: 4, freeNum: 4}" "HostRecvPool: {blockSize: 3072K, totalNum: 1, freeNum: 1}" "DeviceRecvPool: " "HostCtrlPool: {SendPool: 4, FreePool: 4}, {RecvPool: 1, FreePool: 1}",[memory_pool.cpp:682:GetHostPoolStatus]647
[EVENT] TDT(542,python):2024-05-07-12:38:43.834.966 [log.cpp:147]"HostSendPool: {blockSize: 3072K, totalNum: 4, freeNum: 4}" "HostRecvPool: {blockSize: 3072K, totalNum: 1, freeNum: 1}" "DeviceRecvPool: " "HostCtrlPool: {SendPool: 4, FreePool: 4}, {RecvPool: 1, FreePool: 1}",[memory_pool.cpp:682:GetHostPoolStatus]647
[EVENT] TDT(542,python):2024-05-07-12:38:44.456.579 [log.cpp:147]TdtHost[0] destroy begin,[tdt_host.cpp:468:Destroy]542
[EVENT] TDT(542,python):2024-05-07-12:38:44.458.438 [log.cpp:147]TdtHost[0] exec destroy end.,[tdt_host.cpp:513:Destroy]542
[EVENT] TDT(542,python):2024-05-07-12:38:44.505.592 [log.cpp:42][TsdClient] Close [deviceId=0][sessionId=1] hccp and computer enter,[process_mode_manager.cpp:147:Close]542
[EVENT] TDT(542,python):2024-05-07-12:38:44.505.610 [log.cpp:42]VersionVerify: previous type[7], supported,[version_verify.cpp:107:SpecialFeatureCheck]542
[EVENT] TDT(542,python):2024-05-07-12:38:44.505.642 [log.cpp:42][TsdClient][deviceId=0] [sessionId=1] wait hccp and computer process close respond,[process_mode_manager.cpp:157:Close]542
[EVENT] TDT(542,python):2024-05-07-12:38:44.547.102 [log.cpp:42][TsdClient][logicDeviceId_=0]has recv close hccp and computer process respond,[process_mode_manager.cpp:162:Close]542
[EVENT] TDT(542,python):2024-05-07-12:38:44.547.149 [log.cpp:42][TsdClient][deviceId=0] [sessionId=1] close hccp and computer process success,[process_mode_manager.cpp:171:Close]542
[EVENT] IDEDH(542,python):2024-05-07-12:38:47.076.796 [adx_server_manager.cpp:27][tid:542]>>> start to deconstruct adx server manager
[EVENT] IDEDH(542,python):2024-05-07-12:38:47.355.213 [adx_server_manager.cpp:27][tid:542]>>> start to deconstruct adx server manager
[EVENT] IDEDH(542,python):2024-05-07-12:38:47.565.034 [adx_server_manager.cpp:27][tid:542]>>> start to deconstruct adx server manager
[EVENT] IDEDH(542,python):2024-05-07-12:38:47.593.627 [adx_server_manager.cpp:27][tid:542]>>> start to deconstruct adx server manager
